<?xml version="1.0" encoding="UTF-8"?>
<!-- Generated by org.testng.reporters.JUnitReportReporter -->
<testsuite hostname="N-5CG2145X6N" failures="0" tests="6" name="test.day3" time="0.009" errors="0" timestamp="2022-07-23T22:44:59 IST" skipped="1">
  <testcase classname="test.day3" name="WebloginCarLoan" time="0.001"/>
  <system-out/>
  <testcase classname="test.day3" name="MobilesignoutcarLoan" time="0.001"/>
  <system-out/>
  <testcase classname="test.day3" name="MobilesignoutcarLoan" time="0.002"/>
  <system-out/>
  <testcase classname="test.day3" name="MobilesignoutcarLoan" time="0.001"/>
  <system-out/>
  <testcase classname="test.day3" name="MobileLogincarLoan" time="0.004"/>
  <system-out/>
  <testcase classname="test.day3" name="MobilesignimcarLoan">
    <skipped/>
  </testcase> <!-- MobilesignimcarLoan -->
  <system-out/>
</testsuite> <!-- test.day3 -->
